<?xml version="1.0" encoding="UTF-8"?>
<testng-results ignored="0" total="1" passed="1" failed="0" skipped="0">
  <reporter-output>
  </reporter-output>
  <suite started-at="2021-04-25T14:40:58Z" name="Surefire suite" finished-at="2021-04-25T14:40:58Z" duration-ms="55">
    <groups>
    </groups>
    <test started-at="2021-04-25T14:40:58Z" name="Surefire test" finished-at="2021-04-25T14:40:58Z" duration-ms="55">
      <class name="com.websystique.maven.maven.AppTest">
        <test-method signature="shouldAnswerWithTrue()" started-at="2021-04-25T14:40:58Z" name="shouldAnswerWithTrue" finished-at="2021-04-25T14:40:58Z" duration-ms="7" status="PASS">
          <reporter-output>
          </reporter-output>
        </test-method> <!-- shouldAnswerWithTrue -->
      </class> <!-- com.websystique.maven.maven.AppTest -->
    </test> <!-- Surefire test -->
  </suite> <!-- Surefire suite -->
</testng-results>
